*** make qemu-gdb'.
***
boot: init_c
[BOOT] Install boot page table
[BOOT] Enable el1 MMU
[BOOT] Jump to kernel main
[2J[INFO] [ChCore] uart init finished
[INFO] Address of main() is 0xffffff000008c128
[INFO] 123456 decimal is 0361100 octal
[INFO] entering stack_test 5
[INFO] entering stack_test 4
[INFO] entering stack_test 3
[INFO] entering stack_test 2
[INFO] entering stack_test 1
[INFO] entering stack_test 0
Stack backtrace:
LR ffffff000008c090 FP ffffff00000f3c40 Args 0 0 0 0 0 
LR ffffff000008c090 FP ffffff00000f3c60 Args 1 ffffffc0 ffffff00000f3c80 ffffff000008c090 2 
LR ffffff000008c090 FP ffffff00000f3c80 Args 2 ffffffc0 ffffff00000f3ca0 ffffff000008c090 3 
LR ffffff000008c090 FP ffffff00000f3ca0 Args 3 ffffffc0 ffffff00000f3cc0 ffffff000008c090 4 
LR ffffff000008c090 FP ffffff00000f3cc0 Args 4 ffffffc0 ffffff00000f3ce0 ffffff000008c090 5 
LR ffffff000008c178 FP ffffff00000f3ce0 Args 5 ffffffc0 ffffff00000f3d00 ffffff000008c178 87408 
LR ffffff000008c018 FP ffffff00000f3d00 Args 87408 ffffffc0 0 ffffff000008c018 0 
[INFO] leaving stack_test 0
[INFO] leaving stack_test 1
[INFO] leaving stack_test 2
[INFO] leaving stack_test 3
[INFO] leaving stack_test 4
[INFO] leaving stack_test 5
[INFO] mm init finished
[INFO] [ChCore] interrupt init finished
[INFO] [ChCore] lock init finished
[INFO] [ChCore] sched init finished
[INFO] AP 1 is activated!
[INFO] AP 2 is activated!
[INFO] AP 3 is activated!
[INFO] All 4 CPUs are active
[INFO] [ChCore] boot multicore finished
[INFO] [ChCore] root thread init finished
[Parent] create the server process.
[Client] Return 526!
[Client] exit
[Server] exit
qemu-system-aarch64: terminating on signal 15 from pid 101893 (make)
